2020-11-15T16:18:58.280+0100 [DEBUG] [org.gradle.launcher.daemon.bootstrap.DaemonMain] Assuming the daemon was started with following jvm opts: [--add-opens, java.base/java.util=ALL-UNNAMED, --add-opens, java.base/java.lang=ALL-UNNAMED, --add-opens, java.base/java.lang.invoke=ALL-UNNAMED, --add-opens, java.prefs/java.util.prefs=ALL-UNNAMED, -XX:MaxMetaspaceSize=256m, -XX:+HeapDumpOnOutOfMemoryError, -Xms256m, -Xmx512m, -Dfile.encoding=UTF-8, -Duser.country=US, -Duser.language=en, -Duser.variant]
2020-11-15T16:18:58.482+0100 [INFO] [org.gradle.launcher.daemon.server.Daemon] start() called on daemon - DefaultDaemonContext[uid=d4c9858a-f77d-4173-9ad7-ae61d3d831f7,javaHome=/usr/lib/jvm/java-11-openjdk,daemonRegistryDir=/home/luca/Desktop/TablutCompetition/Tablut/true/daemon,pid=62754,idleTimeout=10800000,priority=NORMAL,daemonOpts=--add-opens,java.base/java.util=ALL-UNNAMED,--add-opens,java.base/java.lang=ALL-UNNAMED,--add-opens,java.base/java.lang.invoke=ALL-UNNAMED,--add-opens,java.prefs/java.util.prefs=ALL-UNNAMED,-XX:MaxMetaspaceSize=256m,-XX:+HeapDumpOnOutOfMemoryError,-Xms256m,-Xmx512m,-Dfile.encoding=UTF-8,-Duser.country=US,-Duser.language=en,-Duser.variant]
2020-11-15T16:18:58.514+0100 [DEBUG] [org.gradle.internal.remote.internal.inet.InetAddresses] Adding IP addresses for network interface wlp3s0
2020-11-15T16:18:58.515+0100 [DEBUG] [org.gradle.internal.remote.internal.inet.InetAddresses] Is this a loopback interface? false
2020-11-15T16:18:58.516+0100 [DEBUG] [org.gradle.internal.remote.internal.inet.InetAddresses] Adding remote address /fe80:0:0:0:8ea0:883f:daba:3546%wlp3s0
2020-11-15T16:18:58.516+0100 [DEBUG] [org.gradle.internal.remote.internal.inet.InetAddresses] Adding remote address /192.168.1.6
2020-11-15T16:18:58.517+0100 [DEBUG] [org.gradle.internal.remote.internal.inet.InetAddresses] Adding IP addresses for network interface lo
2020-11-15T16:18:58.521+0100 [DEBUG] [org.gradle.internal.remote.internal.inet.InetAddresses] Is this a loopback interface? true
2020-11-15T16:18:58.522+0100 [DEBUG] [org.gradle.internal.remote.internal.inet.InetAddresses] Adding loopback address /0:0:0:0:0:0:0:1%lo
2020-11-15T16:18:58.523+0100 [DEBUG] [org.gradle.internal.remote.internal.inet.InetAddresses] Adding loopback address /127.0.0.1
2020-11-15T16:18:58.526+0100 [DEBUG] [org.gradle.internal.remote.internal.inet.TcpIncomingConnector] Listening on [e6cbe426-3c08-4aac-be48-7b322a4603f4 port:39463, addresses:[localhost/127.0.0.1]].
2020-11-15T16:18:58.539+0100 [DEBUG] [org.gradle.launcher.daemon.server.Daemon] Daemon starting at: Sun Nov 15 16:18:58 CET 2020, with address: [e6cbe426-3c08-4aac-be48-7b322a4603f4 port:39463, addresses:[localhost/127.0.0.1]]
2020-11-15T16:18:58.540+0100 [INFO] [org.gradle.launcher.daemon.server.DaemonRegistryUpdater] Advertising the daemon address to the clients: [e6cbe426-3c08-4aac-be48-7b322a4603f4 port:39463, addresses:[localhost/127.0.0.1]]
2020-11-15T16:18:58.541+0100 [DEBUG] [org.gradle.launcher.daemon.server.DaemonRegistryUpdater] Advertised daemon context: DefaultDaemonContext[uid=d4c9858a-f77d-4173-9ad7-ae61d3d831f7,javaHome=/usr/lib/jvm/java-11-openjdk,daemonRegistryDir=/home/luca/Desktop/TablutCompetition/Tablut/true/daemon,pid=62754,idleTimeout=10800000,priority=NORMAL,daemonOpts=--add-opens,java.base/java.util=ALL-UNNAMED,--add-opens,java.base/java.lang=ALL-UNNAMED,--add-opens,java.base/java.lang.invoke=ALL-UNNAMED,--add-opens,java.prefs/java.util.prefs=ALL-UNNAMED,-XX:MaxMetaspaceSize=256m,-XX:+HeapDumpOnOutOfMemoryError,-Xms256m,-Xmx512m,-Dfile.encoding=UTF-8,-Duser.country=US,-Duser.language=en,-Duser.variant]
2020-11-15T16:18:58.543+0100 [DEBUG] [org.gradle.launcher.daemon.registry.PersistentDaemonRegistry] Storing daemon address: [e6cbe426-3c08-4aac-be48-7b322a4603f4 port:39463, addresses:[localhost/127.0.0.1]], context: DefaultDaemonContext[uid=d4c9858a-f77d-4173-9ad7-ae61d3d831f7,javaHome=/usr/lib/jvm/java-11-openjdk,daemonRegistryDir=/home/luca/Desktop/TablutCompetition/Tablut/true/daemon,pid=62754,idleTimeout=10800000,priority=NORMAL,daemonOpts=--add-opens,java.base/java.util=ALL-UNNAMED,--add-opens,java.base/java.lang=ALL-UNNAMED,--add-opens,java.base/java.lang.invoke=ALL-UNNAMED,--add-opens,java.prefs/java.util.prefs=ALL-UNNAMED,-XX:MaxMetaspaceSize=256m,-XX:+HeapDumpOnOutOfMemoryError,-Xms256m,-Xmx512m,-Dfile.encoding=UTF-8,-Duser.country=US,-Duser.language=en,-Duser.variant]
2020-11-15T16:18:58.554+0100 [DEBUG] [org.gradle.cache.internal.DefaultFileLockManager] Waiting to acquire exclusive lock on daemon addresses registry.
2020-11-15T16:18:58.558+0100 [DEBUG] [org.gradle.cache.internal.DefaultFileLockManager] Lock acquired on daemon addresses registry.
2020-11-15T16:18:58.567+0100 [DEBUG] [org.gradle.cache.internal.DefaultFileLockManager] Releasing lock on daemon addresses registry.
2020-11-15T16:18:58.568+0100 [LIFECYCLE] [org.gradle.launcher.daemon.server.Daemon] Daemon server started.
2020-11-15T16:18:58.570+0100 [DEBUG] [org.gradle.launcher.daemon.bootstrap.DaemonStartupCommunication] Completed writing the daemon greeting. Closing streams...
2020-11-15T16:18:58.577+0100 [DEBUG] [org.gradle.launcher.daemon.server.Daemon] stopOnExpiration() called on daemon
2020-11-15T16:18:58.579+0100 [DEBUG] [org.gradle.launcher.daemon.server.Daemon] awaitExpiration() called on daemon
2020-11-15T16:18:58.580+0100 [DEBUG] [org.gradle.launcher.daemon.server.DaemonStateCoordinator] daemon is running. Sleeping until state changes.
2020-11-15T16:18:58.589+0100 [DEBUG] [org.gradle.internal.remote.internal.inet.TcpIncomingConnector] Accepted connection from /127.0.0.1:45990 to /127.0.0.1:39463.
2020-11-15T16:18:58.631+0100 [DEBUG] [org.gradle.launcher.daemon.server.SynchronizedDispatchConnection] thread 19: received class org.gradle.launcher.daemon.protocol.Build
2020-11-15T16:18:58.632+0100 [DEBUG] [org.gradle.launcher.daemon.server.DefaultDaemonConnection] thread 19: Received non-IO message from client: Build{id=6ec230d8-4caf-4b02-9bc0-7310e847c660, currentDir=/home/luca/Desktop/TablutCompetition/Tablut}
2020-11-15T16:18:58.633+0100 [INFO] [org.gradle.launcher.daemon.server.DefaultIncomingConnectionHandler] Received command: Build{id=6ec230d8-4caf-4b02-9bc0-7310e847c660, currentDir=/home/luca/Desktop/TablutCompetition/Tablut}.
2020-11-15T16:18:58.633+0100 [DEBUG] [org.gradle.launcher.daemon.server.DefaultIncomingConnectionHandler] Starting executing command: Build{id=6ec230d8-4caf-4b02-9bc0-7310e847c660, currentDir=/home/luca/Desktop/TablutCompetition/Tablut} with connection: socket connection from /127.0.0.1:39463 to /127.0.0.1:45990.
2020-11-15T16:18:58.639+0100 [ERROR] [org.gradle.launcher.daemon.server.DaemonStateCoordinator] Command execution: started DaemonCommandExecution[command = Build{id=6ec230d8-4caf-4b02-9bc0-7310e847c660, currentDir=/home/luca/Desktop/TablutCompetition/Tablut}, connection = DefaultDaemonConnection: socket connection from /127.0.0.1:39463 to /127.0.0.1:45990] after 0.0 minutes of idle
2020-11-15T16:18:58.639+0100 [INFO] [org.gradle.launcher.daemon.server.DaemonRegistryUpdater] Marking the daemon as busy, address: [e6cbe426-3c08-4aac-be48-7b322a4603f4 port:39463, addresses:[localhost/127.0.0.1]]
2020-11-15T16:18:58.639+0100 [DEBUG] [org.gradle.launcher.daemon.registry.PersistentDaemonRegistry] Marking busy by address: [e6cbe426-3c08-4aac-be48-7b322a4603f4 port:39463, addresses:[localhost/127.0.0.1]]
2020-11-15T16:18:58.640+0100 [DEBUG] [org.gradle.cache.internal.DefaultFileLockManager] Waiting to acquire exclusive lock on daemon addresses registry.
2020-11-15T16:18:58.641+0100 [DEBUG] [org.gradle.cache.internal.DefaultFileLockManager] Lock acquired on daemon addresses registry.
2020-11-15T16:18:58.643+0100 [DEBUG] [org.gradle.cache.internal.DefaultFileLockManager] Releasing lock on daemon addresses registry.
2020-11-15T16:18:58.643+0100 [DEBUG] [org.gradle.launcher.daemon.server.DaemonStateCoordinator] resetting idle timer
2020-11-15T16:18:58.644+0100 [DEBUG] [org.gradle.launcher.daemon.server.DaemonStateCoordinator] daemon is running. Sleeping until state changes.
2020-11-15T16:18:58.645+0100 [INFO] [org.gradle.launcher.daemon.server.exec.StartBuildOrRespondWithBusy] Daemon is about to start building Build{id=6ec230d8-4caf-4b02-9bc0-7310e847c660, currentDir=/home/luca/Desktop/TablutCompetition/Tablut}. Dispatching build started information...
2020-11-15T16:18:58.646+0100 [DEBUG] [org.gradle.launcher.daemon.server.SynchronizedDispatchConnection] thread 21: dispatching org.gradle.launcher.daemon.protocol.BuildStarted@677faab4
2020-11-15T16:18:58.649+0100 [DEBUG] [org.gradle.launcher.daemon.server.exec.EstablishBuildEnvironment] Configuring env variables: [PATH, XAUTHORITY, GDMSESSION, CONDA_DEFAULT_ENV, CONDA_PYTHON_EXE, MOTD_SHOWN, DBUS_SESSION_BUS_ADDRESS, XDG_CURRENT_DESKTOP, CONDA_PREFIX, MAIL, COLORTERM, P9K_TTY, SESSION_MANAGER, LOGNAME, PWD, PYTHONPATH, GJS_DEBUG_TOPICS, WINDOWID, SHELL, TERMINFO, GIO_LAUNCHED_DESKTOP_FILE, OLDPWD, P9K_SSH, GNOME_DESKTOP_SESSION_ID, GTK_MODULES, XDG_SESSION_PATH, CONDA_PROMPT_MODIFIER, XDG_SESSION_DESKTOP, SHLVL, CONDA_EXE, TERM, XDG_SEAT_PATH, LANG, XDG_SESSION_ID, XDG_SESSION_TYPE, DISPLAY, _CE_M, CINNAMON_VERSION, CONDA_SHLVL, XDG_SESSION_CLASS, XDG_GREETER_DATA_DIR, DESKTOP_SESSION, USER, GIO_LAUNCHED_DESKTOP_FILE_PID, GJS_DEBUG_OUTPUT, XDG_SEAT, SSH_AUTH_SOCK, _CE_CONDA, GTK_OVERLAY_SCROLLING, XDG_RUNTIME_DIR, XDG_VTNR, KITTY_WINDOW_ID, HOME]
2020-11-15T16:18:58.658+0100 [DEBUG] [org.gradle.launcher.daemon.server.exec.LogToClient] About to start relaying all logs to the client via the connection.
2020-11-15T16:18:58.659+0100 [INFO] [org.gradle.launcher.daemon.server.exec.LogToClient] The client will now receive all logging from the daemon (pid: 62754). The daemon log file: /home/luca/Desktop/TablutCompetition/Tablut/true/daemon/6.7/daemon-62754.out.log
2020-11-15T16:18:58.663+0100 [INFO] [org.gradle.launcher.daemon.server.exec.LogAndCheckHealth] Starting build in new daemon [memory: 536.9 MB]
2020-11-15T16:18:58.670+0100 [DEBUG] [org.gradle.launcher.daemon.server.exec.ExecuteBuild] The daemon has started executing the build.
2020-11-15T16:18:58.671+0100 [DEBUG] [org.gradle.launcher.daemon.server.exec.ExecuteBuild] Executing build with daemon context: DefaultDaemonContext[uid=d4c9858a-f77d-4173-9ad7-ae61d3d831f7,javaHome=/usr/lib/jvm/java-11-openjdk,daemonRegistryDir=/home/luca/Desktop/TablutCompetition/Tablut/true/daemon,pid=62754,idleTimeout=10800000,priority=NORMAL,daemonOpts=--add-opens,java.base/java.util=ALL-UNNAMED,--add-opens,java.base/java.lang=ALL-UNNAMED,--add-opens,java.base/java.lang.invoke=ALL-UNNAMED,--add-opens,java.prefs/java.util.prefs=ALL-UNNAMED,-XX:MaxMetaspaceSize=256m,-XX:+HeapDumpOnOutOfMemoryError,-Xms256m,-Xmx512m,-Dfile.encoding=UTF-8,-Duser.country=US,-Duser.language=en,-Duser.variant]
usage: java Server
 -c,--cache <arg>           cache must be an integer, negative value means
                            infinite; default: infinite
 -e,--errors <arg>          errors must be an integer >= 0; default: 0
 -g,--enableGUI             enableGUI if option is present
 -r,--game rules <arg>      game rules must be an integer; 1 for Tablut, 2
                            for Modern, 3 for Brandub, 4 for Ashton;
                            default: 4
 -s,--repeatedState <arg>   repeatedStates must be an integer >= 0;
                            default: 0
 -t,--time <arg>            time must be an integer (number of seconds);
                            default: 60
/home/luca/Desktop/TablutCompetition/Tablut/logs/1605453550574_systemLog.txt
Waiting for connections...
White player name:	MarenTablu
Black player name:	MarenTablutAI
Clients connected..
Waiting for W...
Suggested move: Turn: W Pawn from e3 to d3
Stato:
OOOBBBOOO
OOOOBOOOO
OOOWOOOOO
BOOOWOOOB
BBWWKWWBB
BOOOWOOOB
OOOOWOOOO
OOOOBOOOO
OOOBBBOOO
-
B
Waiting for B...
Suggested move: Turn: B Pawn from d1 to c1
OOOBBBOOO
OOOOBOOOO
OOOWOOOOO
BOOOWOOOB
BBWWKWWBB
BOOOWOOOB
OOOOWOOOO
OOOOBOOOO
OOOBBBOOO
-
B
Stato:
OOBOBBOOO
OOOOBOOOO
OOOWOOOOO
BOOOWOOOB
BBWWKWWBB
BOOOWOOOB
OOOOWOOOO
OOOOBOOOO
OOOBBBOOO
-
W
Waiting for W...
Suggested move: Turn: W Pawn from d3 to c3
OOOBBBOOO
OOOOBOOOO
OOOWOOOOO
BOOOWOOOB
BBWWKWWBB
BOOOWOOOB
OOOOWOOOO
OOOOBOOOO
OOOBBBOOO
-
B
OOBOBBOOO
OOOOBOOOO
OOOWOOOOO
BOOOWOOOB
BBWWKWWBB
BOOOWOOOB
OOOOWOOOO
OOOOBOOOO
OOOBBBOOO
-
W
Stato:
OOBOBBOOO
OOOOBOOOO
OOWOOOOOO
BOOOWOOOB
BBWWKWWBB
BOOOWOOOB
OOOOWOOOO
OOOOBOOOO
OOOBBBOOO
-
B
Waiting for B...
Suggested move: Turn: B Pawn from c1 to b1
OOOBBBOOO
OOOOBOOOO
OOOWOOOOO
BOOOWOOOB
BBWWKWWBB
BOOOWOOOB
OOOOWOOOO
OOOOBOOOO
OOOBBBOOO
-
B
OOBOBBOOO
OOOOBOOOO
OOOWOOOOO
BOOOWOOOB
BBWWKWWBB
BOOOWOOOB
OOOOWOOOO
OOOOBOOOO
OOOBBBOOO
-
W
OOBOBBOOO
OOOOBOOOO
OOWOOOOOO
BOOOWOOOB
BBWWKWWBB
BOOOWOOOB
OOOOWOOOO
OOOOBOOOO
OOOBBBOOO
-
B
Stato:
OBOOBBOOO
OOOOBOOOO
OOWOOOOOO
BOOOWOOOB
BBWWKWWBB
BOOOWOOOB
OOOOWOOOO
OOOOBOOOO
OOOBBBOOO
-
W
Waiting for W...
Suggested move: Turn: W Pawn from c3 to b3
OOOBBBOOO
OOOOBOOOO
OOOWOOOOO
BOOOWOOOB
BBWWKWWBB
BOOOWOOOB
OOOOWOOOO
OOOOBOOOO
OOOBBBOOO
-
B
OOBOBBOOO
OOOOBOOOO
OOOWOOOOO
BOOOWOOOB
BBWWKWWBB
BOOOWOOOB
OOOOWOOOO
OOOOBOOOO
OOOBBBOOO
-
W
OOBOBBOOO
OOOOBOOOO
OOWOOOOOO
BOOOWOOOB
BBWWKWWBB
BOOOWOOOB
OOOOWOOOO
OOOOBOOOO
OOOBBBOOO
-
B
OBOOBBOOO
OOOOBOOOO
OOWOOOOOO
BOOOWOOOB
BBWWKWWBB
BOOOWOOOB
OOOOWOOOO
OOOOBOOOO
OOOBBBOOO
-
W
Stato:
OBOOBBOOO
OOOOBOOOO
OWOOOOOOO
BOOOWOOOB
BBWWKWWBB
BOOOWOOOB
OOOOWOOOO
OOOOBOOOO
OOOBBBOOO
-
B
Waiting for B...
Suggested move: Turn: B Pawn from b1 to a1
OOOBBBOOO
OOOOBOOOO
OOOWOOOOO
BOOOWOOOB
BBWWKWWBB
BOOOWOOOB
OOOOWOOOO
OOOOBOOOO
OOOBBBOOO
-
B
OOBOBBOOO
OOOOBOOOO
OOOWOOOOO
BOOOWOOOB
BBWWKWWBB
BOOOWOOOB
OOOOWOOOO
OOOOBOOOO
OOOBBBOOO
-
W
OOBOBBOOO
OOOOBOOOO
OOWOOOOOO
BOOOWOOOB
BBWWKWWBB
BOOOWOOOB
OOOOWOOOO
OOOOBOOOO
OOOBBBOOO
-
B
OBOOBBOOO
OOOOBOOOO
OOWOOOOOO
BOOOWOOOB
BBWWKWWBB
BOOOWOOOB
OOOOWOOOO
OOOOBOOOO
OOOBBBOOO
-
W
OBOOBBOOO
OOOOBOOOO
OWOOOOOOO
BOOOWOOOB
BBWWKWWBB
BOOOWOOOB
OOOOWOOOO
OOOOBOOOO
OOOBBBOOO
-
B
Stato:
BOOOBBOOO
OOOOBOOOO
OWOOOOOOO
BOOOWOOOB
BBWWKWWBB
BOOOWOOOB
OOOOWOOOO
OOOOBOOOO
OOOBBBOOO
-
W
Waiting for W...
thread 19: client disconnection detected, canceling the build

FAILURE: Build failed with an exception.

* What went wrong:
Execution failed for task ':Server'.
> Build cancelled while executing task ':Server'

* Try:
Run with --stacktrace option to get the stack trace. Run with --info or --debug option to get more log output. Run with --scan to get full insights.

* Get more help at https://help.gradle.org

Deprecated Gradle features were used in this build, making it incompatible with Gradle 7.0.
Use '--warning-mode all' to show the individual deprecation warnings.
See https://docs.gradle.org/6.7/userguide/command_line_interface.html#sec:command_line_warnings

BUILD FAILED in 1m 2s
3 actionable tasks: 1 executed, 2 up-to-date
2020-11-15T16:19:59.495+0100 [DEBUG] [org.gradle.launcher.daemon.server.exec.ExecuteBuild] The daemon has finished executing the build.
2020-11-15T16:19:59.499+0100 [DEBUG] [org.gradle.launcher.daemon.server.DaemonStateCoordinator] Cancel: daemon is busy, sleeping until state changes.
2020-11-15T16:19:59.500+0100 [DEBUG] [org.gradle.launcher.daemon.server.DaemonStateCoordinator] Command execution: finished waiting for DaemonCommandExecution[command = Build{id=6ec230d8-4caf-4b02-9bc0-7310e847c660, currentDir=/home/luca/Desktop/TablutCompetition/Tablut}, connection = DefaultDaemonConnection: socket connection from /127.0.0.1:39463 to /127.0.0.1:45990]. Result org.gradle.launcher.daemon.server.DaemonStateCoordinator@6f92c447 with state Canceled
2020-11-15T16:19:59.500+0100 [DEBUG] [org.gradle.launcher.daemon.server.DaemonStateCoordinator] Command execution: completed DaemonCommandExecution[command = Build{id=6ec230d8-4caf-4b02-9bc0-7310e847c660, currentDir=/home/luca/Desktop/TablutCompetition/Tablut}, connection = DefaultDaemonConnection: socket connection from /127.0.0.1:39463 to /127.0.0.1:45990]
2020-11-15T16:19:59.501+0100 [DEBUG] [org.gradle.launcher.daemon.server.DaemonStateCoordinator] resetting idle timer
2020-11-15T16:19:59.501+0100 [INFO] [org.gradle.launcher.daemon.server.DaemonRegistryUpdater] Marking the daemon as idle, address: [e6cbe426-3c08-4aac-be48-7b322a4603f4 port:39463, addresses:[localhost/127.0.0.1]]
2020-11-15T16:19:59.501+0100 [DEBUG] [org.gradle.launcher.daemon.registry.PersistentDaemonRegistry] Marking busy by address: [e6cbe426-3c08-4aac-be48-7b322a4603f4 port:39463, addresses:[localhost/127.0.0.1]]
2020-11-15T16:19:59.503+0100 [DEBUG] [org.gradle.cache.internal.DefaultFileLockManager] Waiting to acquire exclusive lock on daemon addresses registry.
2020-11-15T16:19:59.503+0100 [DEBUG] [org.gradle.cache.internal.DefaultFileLockManager] Lock acquired on daemon addresses registry.
2020-11-15T16:19:59.505+0100 [DEBUG] [org.gradle.cache.internal.DefaultFileLockManager] Releasing lock on daemon addresses registry.
2020-11-15T16:19:59.505+0100 [DEBUG] [org.gradle.launcher.daemon.server.exec.ReturnResult] Daemon is dispatching the build result: Success[value=org.gradle.launcher.exec.BuildActionResult@6c535a31]
2020-11-15T16:19:59.506+0100 [DEBUG] [org.gradle.launcher.daemon.server.SynchronizedDispatchConnection] thread 18: dispatching Success[value=org.gradle.launcher.exec.BuildActionResult@6c535a31]
2020-11-15T16:19:59.508+0100 [DEBUG] [org.gradle.launcher.daemon.server.DaemonStateCoordinator] Cancel: daemon is idle now.
2020-11-15T16:19:59.508+0100 [DEBUG] [org.gradle.launcher.daemon.server.DaemonStateCoordinator] daemon is running. Sleeping until state changes.
2020-11-15T16:19:59.533+0100 [WARN] [org.gradle.launcher.daemon.server.DefaultIncomingConnectionHandler] Unable to execute command Build{id=6ec230d8-4caf-4b02-9bc0-7310e847c660, currentDir=/home/luca/Desktop/TablutCompetition/Tablut} from socket connection from /127.0.0.1:39463 to /127.0.0.1:45990. Dispatching the failure to the daemon client
org.gradle.internal.remote.internal.MessageIOException: Could not write message Success[value=org.gradle.launcher.exec.BuildActionResult@6c535a31] to '/127.0.0.1:45990'.
	at org.gradle.internal.remote.internal.inet.SocketConnection.dispatch(SocketConnection.java:130)
	at org.gradle.launcher.daemon.server.SynchronizedDispatchConnection.dispatch(SynchronizedDispatchConnection.java:52)
	at org.gradle.launcher.daemon.server.DefaultDaemonConnection.completed(DefaultDaemonConnection.java:145)
	at org.gradle.launcher.daemon.server.exec.ReturnResult.execute(ReturnResult.java:41)
	at org.gradle.launcher.daemon.server.api.DaemonCommandExecution.proceed(DaemonCommandExecution.java:104)
	at org.gradle.launcher.daemon.server.api.HandleReportStatus.execute(HandleReportStatus.java:33)
	at org.gradle.launcher.daemon.server.api.DaemonCommandExecution.proceed(DaemonCommandExecution.java:104)
	at org.gradle.launcher.daemon.server.exec.HandleCancel.execute(HandleCancel.java:39)
	at org.gradle.launcher.daemon.server.api.DaemonCommandExecution.proceed(DaemonCommandExecution.java:104)
	at org.gradle.launcher.daemon.server.api.HandleInvalidateVirtualFileSystem.execute(HandleInvalidateVirtualFileSystem.java:46)
	at org.gradle.launcher.daemon.server.api.DaemonCommandExecution.proceed(DaemonCommandExecution.java:104)
	at org.gradle.launcher.daemon.server.api.HandleStop.execute(HandleStop.java:45)
	at org.gradle.launcher.daemon.server.api.DaemonCommandExecution.proceed(DaemonCommandExecution.java:104)
	at org.gradle.launcher.daemon.server.exec.DaemonCommandExecuter.executeCommand(DaemonCommandExecuter.java:55)
	at org.gradle.launcher.daemon.server.DefaultIncomingConnectionHandler$ConnectionWorker.handleCommand(DefaultIncomingConnectionHandler.java:163)
	at org.gradle.launcher.daemon.server.DefaultIncomingConnectionHandler$ConnectionWorker.receiveAndHandleCommand(DefaultIncomingConnectionHandler.java:136)
	at org.gradle.launcher.daemon.server.DefaultIncomingConnectionHandler$ConnectionWorker.run(DefaultIncomingConnectionHandler.java:124)
	at org.gradle.internal.concurrent.ExecutorPolicy$CatchAndRecordFailures.onExecute(ExecutorPolicy.java:64)
	at org.gradle.internal.concurrent.ManagedExecutorImpl$1.run(ManagedExecutorImpl.java:48)
	at java.base/java.util.concurrent.ThreadPoolExecutor.runWorker(ThreadPoolExecutor.java:1128)
	at java.base/java.util.concurrent.ThreadPoolExecutor$Worker.run(ThreadPoolExecutor.java:628)
	at org.gradle.internal.concurrent.ThreadFactoryImpl$ManagedThreadRunnable.run(ThreadFactoryImpl.java:56)
	at java.base/java.lang.Thread.run(Thread.java:834)
Caused by: com.esotericsoftware.kryo.KryoException: java.io.IOException: Broken pipe
	at com.esotericsoftware.kryo.io.Output.flush(Output.java:165)
	at com.esotericsoftware.kryo.io.Output.require(Output.java:142)
	at com.esotericsoftware.kryo.io.Output.writeBytes(Output.java:228)
	at org.gradle.internal.serialize.kryo.KryoBackedEncoder.writeBytes(KryoBackedEncoder.java:48)
	at org.gradle.internal.serialize.AbstractEncoder$EncoderStream.write(AbstractEncoder.java:93)
	at java.base/java.io.ObjectOutputStream$BlockDataOutputStream.drain(ObjectOutputStream.java:1883)
	at java.base/java.io.ObjectOutputStream$BlockDataOutputStream.setBlockDataMode(ObjectOutputStream.java:1792)
	at java.base/java.io.ObjectOutputStream.writeObject0(ObjectOutputStream.java:1190)
	at java.base/java.io.ObjectOutputStream.writeObject(ObjectOutputStream.java:349)
	at org.gradle.internal.serialize.DefaultSerializer.write(DefaultSerializer.java:57)
	at org.gradle.tooling.internal.provider.serialization.SerializedPayloadSerializer.write(SerializedPayloadSerializer.java:32)
	at org.gradle.tooling.internal.provider.serialization.SerializedPayloadSerializer.write(SerializedPayloadSerializer.java:27)
	at org.gradle.launcher.daemon.protocol.DaemonMessageSerializer$SuccessSerializer.write(DaemonMessageSerializer.java:133)
	at org.gradle.launcher.daemon.protocol.DaemonMessageSerializer$SuccessSerializer.write(DaemonMessageSerializer.java:109)
	at org.gradle.internal.serialize.DefaultSerializerRegistry$TaggedTypeSerializer.write(DefaultSerializerRegistry.java:154)
	at org.gradle.internal.serialize.Serializers$StatefulSerializerAdapter$2.write(Serializers.java:46)
	at org.gradle.internal.remote.internal.inet.SocketConnection.dispatch(SocketConnection.java:122)
	... 22 more
Caused by: java.io.IOException: Broken pipe
	at java.base/sun.nio.ch.FileDispatcherImpl.write0(Native Method)
	at java.base/sun.nio.ch.SocketDispatcher.write(SocketDispatcher.java:47)
	at java.base/sun.nio.ch.IOUtil.writeFromNativeBuffer(IOUtil.java:113)
	at java.base/sun.nio.ch.IOUtil.write(IOUtil.java:58)
	at java.base/sun.nio.ch.IOUtil.write(IOUtil.java:50)
	at java.base/sun.nio.ch.SocketChannelImpl.write(SocketChannelImpl.java:466)
	at org.gradle.internal.remote.internal.inet.SocketConnection$SocketOutputStream.writeWithNonBlockingRetry(SocketConnection.java:279)
	at org.gradle.internal.remote.internal.inet.SocketConnection$SocketOutputStream.writeBufferToChannel(SocketConnection.java:267)
	at org.gradle.internal.remote.internal.inet.SocketConnection$SocketOutputStream.write(SocketConnection.java:253)
	at com.esotericsoftware.kryo.io.Output.flush(Output.java:163)
	... 38 more
2020-11-15T16:19:59.542+0100 [DEBUG] [org.gradle.launcher.daemon.server.SynchronizedDispatchConnection] thread 18: dispatching Failure[value=org.gradle.internal.remote.internal.MessageIOException: Could not write message Success[value=org.gradle.launcher.exec.BuildActionResult@6c535a31] to '/127.0.0.1:45990'.]
2020-11-15T16:19:59.543+0100 [DEBUG] [org.gradle.launcher.daemon.server.DefaultIncomingConnectionHandler] Finishing executing command: Build{id=6ec230d8-4caf-4b02-9bc0-7310e847c660, currentDir=/home/luca/Desktop/TablutCompetition/Tablut}
2020-11-15T16:19:59.543+0100 [DEBUG] [org.gradle.launcher.daemon.server.SynchronizedDispatchConnection] thread 18: stopping connection
2020-11-15T16:19:59.545+0100 [DEBUG] [org.gradle.launcher.daemon.server.SynchronizedDispatchConnection] thread 18: stopping connection
2020-11-15T16:20:08.579+0100 [DEBUG] [org.gradle.cache.internal.DefaultFileLockManager] Waiting to acquire shared lock on daemon addresses registry.
2020-11-15T16:20:08.580+0100 [DEBUG] [org.gradle.cache.internal.DefaultFileLockManager] Lock acquired on daemon addresses registry.
2020-11-15T16:20:08.581+0100 [DEBUG] [org.gradle.cache.internal.DefaultFileLockManager] Releasing lock on daemon addresses registry.
2020-11-15T16:20:08.582+0100 [DEBUG] [org.gradle.cache.internal.DefaultFileLockManager] Waiting to acquire shared lock on daemon addresses registry.
2020-11-15T16:20:08.583+0100 [DEBUG] [org.gradle.cache.internal.DefaultFileLockManager] Lock acquired on daemon addresses registry.
2020-11-15T16:20:08.583+0100 [DEBUG] [org.gradle.cache.internal.DefaultFileLockManager] Releasing lock on daemon addresses registry.
2020-11-15T16:20:18.579+0100 [DEBUG] [org.gradle.cache.internal.DefaultFileLockManager] Waiting to acquire shared lock on daemon addresses registry.
2020-11-15T16:20:18.580+0100 [DEBUG] [org.gradle.cache.internal.DefaultFileLockManager] Lock acquired on daemon addresses registry.
2020-11-15T16:20:18.580+0100 [DEBUG] [org.gradle.cache.internal.DefaultFileLockManager] Releasing lock on daemon addresses registry.
2020-11-15T16:20:18.581+0100 [DEBUG] [org.gradle.cache.internal.DefaultFileLockManager] Waiting to acquire shared lock on daemon addresses registry.
2020-11-15T16:20:18.582+0100 [DEBUG] [org.gradle.cache.internal.DefaultFileLockManager] Lock acquired on daemon addresses registry.
2020-11-15T16:20:18.583+0100 [DEBUG] [org.gradle.cache.internal.DefaultFileLockManager] Releasing lock on daemon addresses registry.
2020-11-15T16:20:18.584+0100 [DEBUG] [org.gradle.cache.internal.DefaultFileLockManager] Waiting to acquire shared lock on daemon addresses registry.
2020-11-15T16:20:18.584+0100 [DEBUG] [org.gradle.cache.internal.DefaultFileLockManager] Lock acquired on daemon addresses registry.
2020-11-15T16:20:18.585+0100 [DEBUG] [org.gradle.cache.internal.DefaultFileLockManager] Releasing lock on daemon addresses registry.
2020-11-15T16:20:28.579+0100 [DEBUG] [org.gradle.cache.internal.DefaultFileLockManager] Waiting to acquire shared lock on daemon addresses registry.
2020-11-15T16:20:28.580+0100 [DEBUG] [org.gradle.cache.internal.DefaultFileLockManager] Lock acquired on daemon addresses registry.
2020-11-15T16:20:28.580+0100 [DEBUG] [org.gradle.cache.internal.DefaultFileLockManager] Releasing lock on daemon addresses registry.
2020-11-15T16:20:28.580+0100 [DEBUG] [org.gradle.cache.internal.DefaultFileLockManager] Waiting to acquire shared lock on daemon addresses registry.
2020-11-15T16:20:28.581+0100 [DEBUG] [org.gradle.cache.internal.DefaultFileLockManager] Lock acquired on daemon addresses registry.
2020-11-15T16:20:28.581+0100 [DEBUG] [org.gradle.cache.internal.DefaultFileLockManager] Releasing lock on daemon addresses registry.
2020-11-15T16:20:28.581+0100 [DEBUG] [org.gradle.cache.internal.DefaultFileLockManager] Waiting to acquire shared lock on daemon addresses registry.
2020-11-15T16:20:28.581+0100 [DEBUG] [org.gradle.cache.internal.DefaultFileLockManager] Lock acquired on daemon addresses registry.
2020-11-15T16:20:28.582+0100 [DEBUG] [org.gradle.cache.internal.DefaultFileLockManager] Releasing lock on daemon addresses registry.
2020-11-15T16:20:38.579+0100 [DEBUG] [org.gradle.cache.internal.DefaultFileLockManager] Waiting to acquire shared lock on daemon addresses registry.
2020-11-15T16:20:38.579+0100 [DEBUG] [org.gradle.cache.internal.DefaultFileLockManager] Lock acquired on daemon addresses registry.
2020-11-15T16:20:38.579+0100 [DEBUG] [org.gradle.cache.internal.DefaultFileLockManager] Releasing lock on daemon addresses registry.
2020-11-15T16:20:38.580+0100 [DEBUG] [org.gradle.cache.internal.DefaultFileLockManager] Waiting to acquire shared lock on daemon addresses registry.
2020-11-15T16:20:38.580+0100 [DEBUG] [org.gradle.cache.internal.DefaultFileLockManager] Lock acquired on daemon addresses registry.
2020-11-15T16:20:38.580+0100 [DEBUG] [org.gradle.cache.internal.DefaultFileLockManager] Releasing lock on daemon addresses registry.
2020-11-15T16:20:38.580+0100 [DEBUG] [org.gradle.cache.internal.DefaultFileLockManager] Waiting to acquire shared lock on daemon addresses registry.
2020-11-15T16:20:38.581+0100 [DEBUG] [org.gradle.cache.internal.DefaultFileLockManager] Lock acquired on daemon addresses registry.
2020-11-15T16:20:38.581+0100 [DEBUG] [org.gradle.cache.internal.DefaultFileLockManager] Releasing lock on daemon addresses registry.
2020-11-15T16:20:48.579+0100 [DEBUG] [org.gradle.cache.internal.DefaultFileLockManager] Waiting to acquire shared lock on daemon addresses registry.
2020-11-15T16:20:48.579+0100 [DEBUG] [org.gradle.cache.internal.DefaultFileLockManager] Lock acquired on daemon addresses registry.
2020-11-15T16:20:48.579+0100 [DEBUG] [org.gradle.cache.internal.DefaultFileLockManager] Releasing lock on daemon addresses registry.
2020-11-15T16:20:48.580+0100 [DEBUG] [org.gradle.cache.internal.DefaultFileLockManager] Waiting to acquire shared lock on daemon addresses registry.
2020-11-15T16:20:48.580+0100 [DEBUG] [org.gradle.cache.internal.DefaultFileLockManager] Lock acquired on daemon addresses registry.
2020-11-15T16:20:48.580+0100 [DEBUG] [org.gradle.cache.internal.DefaultFileLockManager] Releasing lock on daemon addresses registry.
2020-11-15T16:20:48.580+0100 [DEBUG] [org.gradle.cache.internal.DefaultFileLockManager] Waiting to acquire shared lock on daemon addresses registry.
2020-11-15T16:20:48.581+0100 [DEBUG] [org.gradle.cache.internal.DefaultFileLockManager] Lock acquired on daemon addresses registry.
2020-11-15T16:20:48.581+0100 [DEBUG] [org.gradle.cache.internal.DefaultFileLockManager] Releasing lock on daemon addresses registry.
2020-11-15T16:20:58.579+0100 [DEBUG] [org.gradle.cache.internal.DefaultFileLockManager] Waiting to acquire shared lock on daemon addresses registry.
2020-11-15T16:20:58.579+0100 [DEBUG] [org.gradle.cache.internal.DefaultFileLockManager] Lock acquired on daemon addresses registry.
2020-11-15T16:20:58.579+0100 [DEBUG] [org.gradle.cache.internal.DefaultFileLockManager] Releasing lock on daemon addresses registry.
2020-11-15T16:20:58.580+0100 [DEBUG] [org.gradle.cache.internal.DefaultFileLockManager] Waiting to acquire shared lock on daemon addresses registry.
2020-11-15T16:20:58.580+0100 [DEBUG] [org.gradle.cache.internal.DefaultFileLockManager] Lock acquired on daemon addresses registry.
2020-11-15T16:20:58.580+0100 [DEBUG] [org.gradle.cache.internal.DefaultFileLockManager] Releasing lock on daemon addresses registry.
2020-11-15T16:20:58.581+0100 [DEBUG] [org.gradle.cache.internal.DefaultFileLockManager] Waiting to acquire shared lock on daemon addresses registry.
2020-11-15T16:20:58.581+0100 [DEBUG] [org.gradle.cache.internal.DefaultFileLockManager] Lock acquired on daemon addresses registry.
2020-11-15T16:20:58.582+0100 [DEBUG] [org.gradle.cache.internal.DefaultFileLockManager] Releasing lock on daemon addresses registry.
2020-11-15T16:21:08.579+0100 [DEBUG] [org.gradle.cache.internal.DefaultFileLockManager] Waiting to acquire shared lock on daemon addresses registry.
2020-11-15T16:21:08.579+0100 [DEBUG] [org.gradle.cache.internal.DefaultFileLockManager] Lock acquired on daemon addresses registry.
2020-11-15T16:21:08.580+0100 [DEBUG] [org.gradle.cache.internal.DefaultFileLockManager] Releasing lock on daemon addresses registry.
2020-11-15T16:21:08.580+0100 [DEBUG] [org.gradle.cache.internal.DefaultFileLockManager] Waiting to acquire shared lock on daemon addresses registry.
2020-11-15T16:21:08.580+0100 [DEBUG] [org.gradle.cache.internal.DefaultFileLockManager] Lock acquired on daemon addresses registry.
2020-11-15T16:21:08.581+0100 [DEBUG] [org.gradle.cache.internal.DefaultFileLockManager] Releasing lock on daemon addresses registry.
2020-11-15T16:21:08.581+0100 [DEBUG] [org.gradle.cache.internal.DefaultFileLockManager] Waiting to acquire shared lock on daemon addresses registry.
2020-11-15T16:21:08.581+0100 [DEBUG] [org.gradle.cache.internal.DefaultFileLockManager] Lock acquired on daemon addresses registry.
2020-11-15T16:21:08.582+0100 [DEBUG] [org.gradle.cache.internal.DefaultFileLockManager] Releasing lock on daemon addresses registry.
2020-11-15T16:21:18.578+0100 [DEBUG] [org.gradle.cache.internal.DefaultFileLockManager] Waiting to acquire shared lock on daemon addresses registry.
2020-11-15T16:21:18.579+0100 [DEBUG] [org.gradle.cache.internal.DefaultFileLockManager] Lock acquired on daemon addresses registry.
2020-11-15T16:21:18.579+0100 [DEBUG] [org.gradle.cache.internal.DefaultFileLockManager] Releasing lock on daemon addresses registry.
2020-11-15T16:21:18.580+0100 [DEBUG] [org.gradle.cache.internal.DefaultFileLockManager] Waiting to acquire shared lock on daemon addresses registry.
2020-11-15T16:21:18.580+0100 [DEBUG] [org.gradle.cache.internal.DefaultFileLockManager] Lock acquired on daemon addresses registry.
2020-11-15T16:21:18.581+0100 [DEBUG] [org.gradle.cache.internal.DefaultFileLockManager] Releasing lock on daemon addresses registry.
2020-11-15T16:21:18.581+0100 [DEBUG] [org.gradle.cache.internal.DefaultFileLockManager] Waiting to acquire shared lock on daemon addresses registry.
2020-11-15T16:21:18.581+0100 [DEBUG] [org.gradle.cache.internal.DefaultFileLockManager] Lock acquired on daemon addresses registry.
2020-11-15T16:21:18.581+0100 [DEBUG] [org.gradle.cache.internal.DefaultFileLockManager] Releasing lock on daemon addresses registry.
2020-11-15T16:21:28.579+0100 [DEBUG] [org.gradle.cache.internal.DefaultFileLockManager] Waiting to acquire shared lock on daemon addresses registry.
2020-11-15T16:21:28.579+0100 [DEBUG] [org.gradle.cache.internal.DefaultFileLockManager] Lock acquired on daemon addresses registry.
2020-11-15T16:21:28.579+0100 [DEBUG] [org.gradle.cache.internal.DefaultFileLockManager] Releasing lock on daemon addresses registry.
2020-11-15T16:21:28.580+0100 [DEBUG] [org.gradle.cache.internal.DefaultFileLockManager] Waiting to acquire shared lock on daemon addresses registry.
2020-11-15T16:21:28.580+0100 [DEBUG] [org.gradle.cache.internal.DefaultFileLockManager] Lock acquired on daemon addresses registry.
2020-11-15T16:21:28.580+0100 [DEBUG] [org.gradle.cache.internal.DefaultFileLockManager] Releasing lock on daemon addresses registry.
2020-11-15T16:21:28.581+0100 [DEBUG] [org.gradle.cache.internal.DefaultFileLockManager] Waiting to acquire shared lock on daemon addresses registry.
2020-11-15T16:21:28.581+0100 [DEBUG] [org.gradle.cache.internal.DefaultFileLockManager] Lock acquired on daemon addresses registry.
2020-11-15T16:21:28.581+0100 [DEBUG] [org.gradle.cache.internal.DefaultFileLockManager] Releasing lock on daemon addresses registry.
2020-11-15T16:21:38.579+0100 [DEBUG] [org.gradle.cache.internal.DefaultFileLockManager] Waiting to acquire shared lock on daemon addresses registry.
2020-11-15T16:21:38.579+0100 [DEBUG] [org.gradle.cache.internal.DefaultFileLockManager] Lock acquired on daemon addresses registry.
2020-11-15T16:21:38.579+0100 [DEBUG] [org.gradle.cache.internal.DefaultFileLockManager] Releasing lock on daemon addresses registry.
2020-11-15T16:21:38.580+0100 [DEBUG] [org.gradle.cache.internal.DefaultFileLockManager] Waiting to acquire shared lock on daemon addresses registry.
2020-11-15T16:21:38.580+0100 [DEBUG] [org.gradle.cache.internal.DefaultFileLockManager] Lock acquired on daemon addresses registry.
2020-11-15T16:21:38.580+0100 [DEBUG] [org.gradle.cache.internal.DefaultFileLockManager] Releasing lock on daemon addresses registry.
2020-11-15T16:21:38.581+0100 [DEBUG] [org.gradle.cache.internal.DefaultFileLockManager] Waiting to acquire shared lock on daemon addresses registry.
2020-11-15T16:21:38.581+0100 [DEBUG] [org.gradle.cache.internal.DefaultFileLockManager] Lock acquired on daemon addresses registry.
2020-11-15T16:21:38.581+0100 [DEBUG] [org.gradle.cache.internal.DefaultFileLockManager] Releasing lock on daemon addresses registry.
2020-11-15T16:21:48.579+0100 [DEBUG] [org.gradle.cache.internal.DefaultFileLockManager] Waiting to acquire shared lock on daemon addresses registry.
2020-11-15T16:21:48.580+0100 [DEBUG] [org.gradle.cache.internal.DefaultFileLockManager] Lock acquired on daemon addresses registry.
2020-11-15T16:21:48.581+0100 [DEBUG] [org.gradle.cache.internal.DefaultFileLockManager] Releasing lock on daemon addresses registry.
2020-11-15T16:21:48.582+0100 [DEBUG] [org.gradle.cache.internal.DefaultFileLockManager] Waiting to acquire shared lock on daemon addresses registry.
2020-11-15T16:21:48.582+0100 [DEBUG] [org.gradle.cache.internal.DefaultFileLockManager] Lock acquired on daemon addresses registry.
2020-11-15T16:21:48.583+0100 [DEBUG] [org.gradle.cache.internal.DefaultFileLockManager] Releasing lock on daemon addresses registry.
2020-11-15T16:21:48.584+0100 [DEBUG] [org.gradle.cache.internal.DefaultFileLockManager] Waiting to acquire shared lock on daemon addresses registry.
2020-11-15T16:21:48.584+0100 [DEBUG] [org.gradle.cache.internal.DefaultFileLockManager] Lock acquired on daemon addresses registry.
2020-11-15T16:21:48.585+0100 [DEBUG] [org.gradle.cache.internal.DefaultFileLockManager] Releasing lock on daemon addresses registry.
2020-11-15T16:21:58.579+0100 [DEBUG] [org.gradle.cache.internal.DefaultFileLockManager] Waiting to acquire shared lock on daemon addresses registry.
2020-11-15T16:21:58.580+0100 [DEBUG] [org.gradle.cache.internal.DefaultFileLockManager] Lock acquired on daemon addresses registry.
2020-11-15T16:21:58.581+0100 [DEBUG] [org.gradle.cache.internal.DefaultFileLockManager] Releasing lock on daemon addresses registry.
2020-11-15T16:21:58.582+0100 [DEBUG] [org.gradle.cache.internal.DefaultFileLockManager] Waiting to acquire shared lock on daemon addresses registry.
2020-11-15T16:21:58.583+0100 [DEBUG] [org.gradle.cache.internal.DefaultFileLockManager] Lock acquired on daemon addresses registry.
2020-11-15T16:21:58.583+0100 [DEBUG] [org.gradle.cache.internal.DefaultFileLockManager] Releasing lock on daemon addresses registry.
2020-11-15T16:21:58.584+0100 [DEBUG] [org.gradle.cache.internal.DefaultFileLockManager] Waiting to acquire shared lock on daemon addresses registry.
2020-11-15T16:21:58.585+0100 [DEBUG] [org.gradle.cache.internal.DefaultFileLockManager] Lock acquired on daemon addresses registry.
2020-11-15T16:21:58.585+0100 [DEBUG] [org.gradle.cache.internal.DefaultFileLockManager] Releasing lock on daemon addresses registry.
